SF:lib/main_development.dart
DA:4,1
DA:5,2
LF:2
LH:2
end_of_record
SF:lib/app/app.dart
DA:12,5
DA:14,1
DA:16,2
DA:18,1
DA:19,1
DA:20,1
DA:21,2
DA:24,1
DA:26,1
DA:31,1
LF:10
LH:10
end_of_record
SF:lib/app/config/themes/app_theme.dart
DA:6,1
DA:7,1
DA:14,1
DA:16,1
LF:4
LH:4
end_of_record
SF:lib/app/data/repositories/items_repository.dart
DA:12,4
DA:15,1
DA:17,2
DA:21,1
DA:22,1
DA:23,3
DA:25,0
DA:29,2
DA:31,4
DA:32,1
DA:33,2
DA:34,6
DA:36,0
LF:13
LH:11
end_of_record
SF:lib/app/dependency_register.dart
DA:8,15
DA:10,5
DA:11,5
DA:14,3
DA:15,6
DA:18,5
DA:19,5
DA:20,8
DA:21,3
DA:22,3
DA:28,8
DA:29,6
DA:30,3
DA:32,8
DA:33,6
DA:34,3
LF:16
LH:16
end_of_record
SF:lib/app/l10n/l10n.dart
DA:7,8
LF:1
LH:1
end_of_record
SF:lib/app/ui/blocs/search_bloc/search_bloc.dart
DA:10,4
DA:11,2
DA:12,2
DA:13,2
DA:16,4
DA:20,1
DA:24,2
DA:25,1
DA:26,1
DA:27,2
DA:29,1
DA:37,3
DA:38,2
DA:39,1
DA:40,2
DA:42,1
DA:47,1
DA:48,2
DA:56,1
DA:60,2
DA:61,1
DA:64,3
DA:65,2
DA:66,1
DA:67,2
DA:69,1
DA:74,0
DA:75,0
DA:83,2
DA:84,2
DA:85,2
DA:89,2
DA:90,1
DA:91,1
DA:92,2
DA:93,1
DA:96,2
DA:97,2
DA:98,1
DA:99,2
DA:104,4
DA:105,2
DA:106,1
DA:109,4
LF:44
LH:42
end_of_record
SF:lib/app/ui/screens/search_screen.dart
DA:11,5
DA:13,2
DA:15,2
DA:16,2
DA:17,2
DA:18,2
DA:19,4
DA:21,2
DA:23,2
DA:24,2
DA:25,2
DA:26,2
DA:27,2
DA:28,1
DA:29,2
DA:31,0
DA:32,0
DA:34,2
DA:35,2
DA:39,4
DA:40,1
DA:44,4
DA:45,1
DA:47,1
DA:48,1
DA:52,4
DA:53,0
DA:54,0
DA:55,0
LF:29
LH:24
end_of_record
SF:lib/bootstrap.dart
DA:10,5
DA:12,1
DA:14,1
DA:15,3
DA:18,1
DA:20,3
DA:21,1
DA:25,2
DA:26,0
DA:27,0
DA:32,2
DA:34,2
DA:36,4
LF:13
LH:11
end_of_record
SF:lib/app/ui/blocs/search_bloc/search_event.dart
DA:4,3
DA:6,0
DA:7,0
DA:11,3
DA:14,1
DA:15,2
DA:19,1
DA:22,0
DA:23,0
LF:9
LH:5
end_of_record
SF:lib/app/ui/blocs/search_bloc/search_state.dart
DA:8,9
DA:19,1
DA:25,1
DA:26,0
DA:27,1
DA:28,1
DA:33,1
DA:34,5
LF:8
LH:7
end_of_record
SF:lib/app/domain/entities/item_entity.dart
DA:4,9
DA:18,2
DA:19,2
DA:20,2
DA:21,2
DA:22,2
DA:23,2
DA:24,2
LF:8
LH:8
end_of_record
SF:lib/app/ui/screens/results_screen.dart
DA:15,1
DA:21,1
DA:23,2
DA:24,1
DA:25,2
DA:26,3
DA:29,1
DA:30,2
DA:31,1
DA:32,2
DA:33,1
DA:34,1
DA:35,1
DA:36,1
DA:37,0
DA:39,2
DA:40,3
DA:41,1
DA:42,1
DA:44,1
DA:45,2
DA:47,2
DA:48,3
DA:49,2
LF:24
LH:23
end_of_record
SF:lib/app/data/services/mercado_libre_service.g.dart
DA:12,4
DA:13,4
DA:22,1
DA:24,1
DA:25,1
DA:26,1
DA:28,1
DA:29,1
DA:30,1
DA:31,2
DA:32,1
DA:36,6
DA:38,2
DA:41,2
DA:43,0
DA:49,1
DA:51,1
DA:52,1
DA:53,1
DA:55,1
DA:56,1
DA:57,1
DA:58,2
DA:63,6
DA:65,2
DA:68,1
DA:69,1
DA:70,2
DA:74,1
DA:76,0
DA:82,2
DA:84,2
DA:85,2
DA:86,2
DA:88,2
DA:89,2
DA:90,2
DA:91,4
DA:92,2
DA:96,12
DA:98,4
DA:101,2
DA:103,0
DA:109,2
DA:110,2
DA:111,4
DA:112,4
DA:113,2
DA:114,0
DA:116,2
DA:122,2
DA:123,4
DA:127,2
DA:129,2
DA:130,2
DA:133,0
LF:56
LH:51
end_of_record
SF:lib/app/ui/blocs/detail_bloc/detail_bloc.dart
DA:8,4
DA:9,4
DA:13,2
DA:17,6
DA:19,6
DA:20,3
DA:22,2
DA:23,4
LF:8
LH:8
end_of_record
SF:lib/app/ui/blocs/detail_bloc/detail_event.dart
DA:4,2
DA:6,0
DA:7,0
DA:11,2
DA:14,0
DA:15,0
LF:6
LH:2
end_of_record
SF:lib/app/ui/screens/detail_screen.dart
DA:9,2
DA:12,2
DA:14,2
DA:16,2
DA:17,2
DA:18,4
DA:19,2
DA:21,3
DA:24,2
DA:25,2
DA:26,4
DA:28,4
DA:29,2
DA:30,2
DA:31,2
DA:35,4
DA:36,1
DA:37,1
DA:38,1
DA:40,1
DA:41,1
DA:42,1
DA:43,1
DA:45,1
DA:48,1
DA:49,1
DA:56,1
DA:57,2
DA:61,1
DA:62,3
LF:30
LH:30
end_of_record
SF:lib/app/data/mappers/item_mapper.dart
DA:5,3
DA:6,3
DA:7,3
DA:8,3
DA:9,3
DA:10,3
DA:11,3
LF:7
LH:7
end_of_record
SF:lib/app/data/models/api_item_model.dart
DA:7,7
DA:15,4
DA:16,4
DA:25,6
LF:4
LH:4
end_of_record
SF:lib/app/data/models/api_item_model.g.dart
DA:9,8
DA:10,4
DA:11,4
DA:12,8
DA:13,4
DA:14,8
DA:17,3
DA:18,3
DA:19,3
DA:20,3
DA:21,3
DA:22,3
DA:23,3
LF:13
LH:13
end_of_record
SF:lib/app/data/mappers/search_paging_mapper.dart
DA:5,3
DA:6,3
DA:7,3
DA:8,3
DA:9,3
DA:10,3
LF:6
LH:6
end_of_record
SF:lib/app/domain/entities/search_paging_entity.dart
DA:4,6
DA:16,1
DA:17,1
DA:18,1
DA:19,1
DA:20,1
DA:21,1
LF:7
LH:7
end_of_record
SF:lib/app/data/models/search_result_model.dart
DA:9,4
DA:16,2
DA:17,2
DA:25,2
DA:30,6
DA:37,3
DA:38,3
DA:46,4
LF:8
LH:8
end_of_record
SF:lib/app/data/models/search_result_model.g.dart
DA:9,2
DA:11,2
DA:12,2
DA:13,2
DA:14,4
DA:15,2
DA:16,6
DA:17,2
DA:20,1
DA:22,1
DA:23,1
DA:24,1
DA:25,2
DA:26,5
DA:29,3
DA:30,3
DA:31,6
DA:32,6
DA:33,6
DA:34,6
DA:37,2
DA:38,2
DA:39,2
DA:40,2
DA:41,2
DA:42,2
LF:26
LH:26
end_of_record
SF:lib/app/data/mappers/search_result_mapper.dart
DA:7,2
DA:8,2
DA:9,2
DA:10,2
DA:11,4
DA:12,6
LF:6
LH:6
end_of_record
SF:lib/app/domain/entities/search_result_entity.dart
DA:7,5
DA:19,1
DA:20,1
DA:21,1
DA:22,1
DA:23,1
DA:24,1
LF:7
LH:7
end_of_record
SF:lib/app/data/models/api_multi_get_response_model.dart
DA:9,2
DA:14,2
DA:15,2
DA:20,2
LF:4
LH:4
end_of_record
SF:lib/app/data/models/api_multi_get_response_model.g.dart
DA:9,2
DA:11,2
DA:12,4
DA:13,4
DA:16,1
DA:18,1
DA:19,1
DA:20,2
LF:8
LH:8
end_of_record
SF:lib/app/ui/blocs/detail_bloc/detail_state.dart
DA:8,26
DA:17,2
DA:22,2
DA:23,0
DA:24,2
DA:29,2
DA:30,8
LF:7
LH:6
end_of_record
